#
# A fatal error has been detected by the Java Runtime Environment:
#
#  EXCEPTION_ACCESS_VIOLATION (0xc0000005) at pc=0x000007fee7a7e4ec, pid=27976, tid=0x0000000000002a28
#
# JRE version: Java(TM) SE Runtime Environment (8.0_92-b14) (build 1.8.0_92-b14)
# Java VM: Java HotSpot(TM) 64-Bit Server VM (25.92-b14 mixed mode windows-amd64 compressed oops)
# Problematic frame:
# C  [xgboost4j2503932840790602216.dll+0x1e4ec]
#
# Failed to write core dump. Minidumps are not enabled by default on client versions of Windows
#
# If you would like to submit a bug report, please visit:
#   http://bugreport.java.com/bugreport/crash.jsp
# The crash happened outside the Java Virtual Machine in native code.
# See problematic frame for where to report the bug.
#

---------------  T H R E A D  ---------------

Current thread (0x00000000021a8000):  JavaThread "main" [_thread_in_native, id=10792, stack(0x0000000002370000,0x0000000002470000)]

siginfo: ExceptionCode=0xc0000005, reading address 0x000000001e8cb000

Registers:
RAX=0x0000000000000000, RBX=0x000000000000a7f8, RCX=0x0000000000000000, RDX=0x7ff0000000000000
RSP=0x000000000246f140, RBP=0x000000000246f460, RSI=0x0000000000000008, RDI=0x0000000000004034
R8 =0x0000000000000004, R9 =0x0000000000000000, R10=0x000000001e22f740, R11=0x000000001e23f8a8
R12=0x000000001e812fb0, R13=0x000000001b815700, R14=0x000000001e8baf30, R15=0x00000000022767a0
RIP=0x000007fee7a7e4ec, EFLAGS=0x0000000000010297

Top of Stack: (sp=0x000000000246f140)
0x000000000246f140:   0000000000000000 000000000000a7f8
0x000000000246f150:   000000000000a7f8 0000000000029ff0
0x000000000246f160:   0000000000000000 0000000000000004
0x000000000246f170:   0000000000000000 00000000000003e9
0x000000000246f180:   000000000000a7f8 00000000022767a0
0x000000000246f190:   00000000022767a0 000000000246f390
0x000000000246f1a0:   00000000024d16e0 fffffffffffffffe
0x000000000246f1b0:   0000000000000000 0000000000000000
0x000000000246f1c0:   00000000024d12e0 0000000002010000
0x000000000246f1d0:   000000000246f130 0000000000000000
0x000000000246f1e0:   0000000000000000 0000000000000000
0x000000000246f1f0:   0000000000000000 0000000000000000
0x000000000246f200:   0000000000000000 0000000000000000
0x000000000246f210:   00000000021a8000 000000000000000c
0x000000000246f220:   0000000000000007 000000007094aca8
0x000000000246f230:   0000000000029fe0 0000000000029fe0 

Instructions: (pc=0x000007fee7a7e4ec)
0x000007fee7a7e4cc:   8b e6 45 33 c0 4c 89 44 24 28 4c 3b c6 0f 83 0a
0x000007fee7a7e4dc:   03 00 00 33 f6 33 ff 48 3b fb 0f 83 d4 02 00 00
0x000007fee7a7e4ec:   f3 41 0f 10 04 be 0f 5a c0 e8 46 16 10 00 85 c0
0x000007fee7a7e4fc:   0f 84 a1 02 00 00 45 84 ed 0f 85 ad 02 00 00 48 


Register to memory mapping:

RAX=0x0000000000000000 is an unknown value
RBX=0x000000000000a7f8 is an unknown value
RCX=0x0000000000000000 is an unknown value
RDX=0x7ff0000000000000 is an unknown value
RSP=0x000000000246f140 is pointing into the stack for thread: 0x00000000021a8000
RBP=0x000000000246f460 is pointing into the stack for thread: 0x00000000021a8000
RSI=0x0000000000000008 is an unknown value
RDI=0x0000000000004034 is an unknown value
R8 =0x0000000000000004 is an unknown value
R9 =0x0000000000000000 is an unknown value
R10=0x000000001e22f740 is an unknown value
R11=0x000000001e23f8a8 is an unknown value
R12=0x000000001e812fb0 is an unknown value
R13=0x000000001b815700 is pointing into metadata
R14=0x000000001e8baf30 is an unknown value
R15=0x00000000022767a0 is an unknown value


Stack: [0x0000000002370000,0x0000000002470000],  sp=0x000000000246f140,  free space=1020k
Native frames: (J=compiled Java code, j=interpreted, Vv=VM code, C=native code)
C  [xgboost4j2503932840790602216.dll+0x1e4ec]
C  [xgboost4j2503932840790602216.dll+0x113ff]
C  0x0000000002487f54

Java frames: (J=compiled Java code, j=interpreted, Vv=VM code)
j  ml.dmlc.xgboost4j.java.XGBoostJNI.XGDMatrixCreateFromMat([FIIF[J)I+0
j  ml.dmlc.xgboost4j.java.DMatrix.<init>([FII)V+20
j  xgboost.example.XgboostTest.XGBoostRegressionOneInstances(Ljava/lang/String;)V+90
j  xgboost.example.XgboostTest.main([Ljava/lang/String;)V+45
v  ~StubRoutines::call_stub

---------------  P R O C E S S  ---------------

Java Threads: ( => current thread )
  0x000000001d130800 JavaThread "Service Thread" daemon [_thread_blocked, id=27764, stack(0x000000001db90000,0x000000001dc90000)]
  0x000000001d0b5000 JavaThread "C1 CompilerThread2" daemon [_thread_blocked, id=26828, stack(0x000000001dc90000,0x000000001dd90000)]
  0x000000001d0b2000 JavaThread "C2 CompilerThread1" daemon [_thread_in_native, id=25528, stack(0x000000001da50000,0x000000001db50000)]
  0x000000001d0a8800 JavaThread "C2 CompilerThread0" daemon [_thread_in_native, id=27332, stack(0x000000001d8a0000,0x000000001d9a0000)]
  0x000000001bdff000 JavaThread "Attach Listener" daemon [_thread_blocked, id=28356, stack(0x000000001d690000,0x000000001d790000)]
  0x000000001d09b000 JavaThread "Signal Dispatcher" daemon [_thread_blocked, id=10760, stack(0x000000001d4b0000,0x000000001d5b0000)]
  0x000000001bdd9800 JavaThread "Finalizer" daemon [_thread_blocked, id=4400, stack(0x000000001ce60000,0x000000001cf60000)]
  0x000000001bd92800 JavaThread "Reference Handler" daemon [_thread_blocked, id=29620, stack(0x000000001cf90000,0x000000001d090000)]
=>0x00000000021a8000 JavaThread "main" [_thread_in_native, id=10792, stack(0x0000000002370000,0x0000000002470000)]

Other Threads:
  0x000000001bd8b000 VMThread [stack: 0x000000001cd20000,0x000000001ce20000] [id=29236]
  0x000000001d194000 WatcherThread [stack: 0x000000001ddf0000,0x000000001def0000] [id=24728]

VM state:not at safepoint (normal execution)

VM Mutex/Monitor currently owned by a thread: None

Heap:
 PSYoungGen      total 76288K, used 24319K [0x000000076b000000, 0x0000000770500000, 0x00000007c0000000)
  eden space 65536K, 37% used [0x000000076b000000,0x000000076c7bfd20,0x000000076f000000)
  from space 10752K, 0% used [0x000000076fa80000,0x000000076fa80000,0x0000000770500000)
  to   space 10752K, 0% used [0x000000076f000000,0x000000076f000000,0x000000076fa80000)
 ParOldGen       total 175104K, used 0K [0x00000006c1000000, 0x00000006cbb00000, 0x000000076b000000)
  object space 175104K, 0% used [0x00000006c1000000,0x00000006c1000000,0x00000006cbb00000)
 Metaspace       used 4303K, capacity 4800K, committed 4864K, reserved 1056768K
  class space    used 467K, capacity 496K, committed 512K, reserved 1048576K

Card table byte_map: [0x0000000011830000,0x0000000012030000] byte_map_base: 0x000000000e228000

Marking Bits: (ParMarkBitMap*) 0x00000000709564f0
 Begin Bits: [0x0000000012c80000, 0x0000000016c40000)
 End Bits:   [0x0000000016c40000, 0x000000001ac00000)

Polling page: 0x0000000000120000

CodeCache: size=245760Kb used=1639Kb max_used=1654Kb free=244120Kb
 bounds [0x0000000002470000, 0x00000000026e0000, 0x0000000011470000]
 total_blobs=518 nmethods=230 adapters=201
 compilation: enabled

Compilation events (10 events):
Event: 0.444 Thread 0x000000001d0b5000  237       3       sun.misc.VM::allowArraySyntax (4 bytes)
Event: 0.444 Thread 0x000000001d0b5000 nmethod 237 0x00000000025f0c10 code [0x00000000025f0d60, 0x00000000025f0eb0]
Event: 0.445 Thread 0x000000001d0b5000  239       1       java.lang.Float::floatValue (5 bytes)
Event: 0.445 Thread 0x000000001d0b5000 nmethod 239 0x00000000025f0950 code [0x00000000025f0aa0, 0x00000000025f0bb0]
Event: 0.448 Thread 0x000000001d0b5000  240       1       java.lang.Integer::intValue (5 bytes)
Event: 0.448 Thread 0x000000001d0b5000 nmethod 240 0x00000000025f0610 code [0x00000000025f0760, 0x00000000025f0870]
Event: 0.449 Thread 0x000000001d0b5000  241       3       java.lang.Long::longValue (5 bytes)
Event: 0.449 Thread 0x000000001d0b5000 nmethod 241 0x00000000025f2c10 code [0x00000000025f2d60, 0x00000000025f2eb0]
Event: 0.449 Thread 0x000000001d0b5000  242       3       java.util.concurrent.ConcurrentHashMap$Node::<init> (26 bytes)
Event: 0.449 Thread 0x000000001d0b5000 nmethod 242 0x00000000025f27d0 code [0x00000000025f2920, 0x00000000025f2b30]

GC Heap History (0 events):
No events

Deoptimization events (5 events):
Event: 0.386 Thread 0x00000000021a8000 Uncommon trap: reason=predicate action=maybe_recompile pc=0x00000000025f1a58 method=java.util.AbstractCollection.toArray([Ljava/lang/Object;)[Ljava/lang/Object; @ 49
Event: 0.417 Thread 0x00000000021a8000 Uncommon trap: reason=array_check action=maybe_recompile pc=0x0000000002600244 method=java.util.AbstractCollection.toArray([Ljava/lang/Object;)[Ljava/lang/Object; @ 119
Event: 0.417 Thread 0x00000000021a8000 Uncommon trap: reason=array_check action=maybe_recompile pc=0x0000000002600244 method=java.util.AbstractCollection.toArray([Ljava/lang/Object;)[Ljava/lang/Object; @ 119
Event: 0.417 Thread 0x00000000021a8000 Uncommon trap: reason=array_check action=maybe_recompile pc=0x0000000002600244 method=java.util.AbstractCollection.toArray([Ljava/lang/Object;)[Ljava/lang/Object; @ 119
Event: 0.417 Thread 0x00000000021a8000 Uncommon trap: reason=array_check action=maybe_recompile pc=0x0000000002600244 method=java.util.AbstractCollection.toArray([Ljava/lang/Object;)[Ljava/lang/Object; @ 119

Internal exceptions (6 events):
Event: 0.029 Thread 0x00000000021a8000 Exception <a 'java/lang/NoSuchMethodError': Method sun.misc.Unsafe.defineClass(Ljava/lang/String;[BII)Ljava/lang/Class; name or signature does not match> (0x000000076b007cc0) thrown at [D:\re\workspace\8-2-build-windows-amd64-cygwin\jdk8u92\6642\hotspot\sruùeÁá%û?
Event: 0.029 Thread 0x00000000021a8000 Exception <a 'java/lang/NoSuchMethodError': Method sun.misc.Unsafe.prefetchRead(Ljava/lang/Object;J)V name or signature does not match> (0x000000076b007fa8) thrown at [D:\re\workspace\8-2-build-windows-amd64-cygwin\jdk8u92\6642\hotspot\src\share\vm\prims\jC®≠‡˚ÿæ?
Event: 0.120 Thread 0x00000000021a8000 Exception <a 'java/security/PrivilegedActionException'> (0x000000076b118038) thrown at [D:\re\workspace\8-2-build-windows-amd64-cygwin\jdk8u92\6642\hotspot\src\share\vm\prims\jvm.cpp, line 1386]
Event: 0.121 Thread 0x00000000021a8000 Exception <a 'java/security/PrivilegedActionException'> (0x000000076b118248) thrown at [D:\re\workspace\8-2-build-windows-amd64-cygwin\jdk8u92\6642\hotspot\src\share\vm\prims\jvm.cpp, line 1386]
Event: 0.121 Thread 0x00000000021a8000 Exception <a 'java/security/PrivilegedActionException'> (0x000000076b11c090) thrown at [D:\re\workspace\8-2-build-windows-amd64-cygwin\jdk8u92\6642\hotspot\src\share\vm\prims\jvm.cpp, line 1386]
Event: 0.121 Thread 0x00000000021a8000 Exception <a 'java/security/PrivilegedActionException'> (0x000000076b11c2a0) thrown at [D:\re\workspace\8-2-build-windows-amd64-cygwin\jdk8u92\6642\hotspot\src\share\vm\prims\jvm.cpp, line 1386]

Events (10 events):
Event: 0.417 Thread 0x00000000021a8000 DEOPT UNPACKING pc=0x00000000024b582a sp=0x000000000246f1c8 mode 2
Event: 0.417 Thread 0x00000000021a8000 Uncommon trap: trap_request=0xffffffd6 fr.pc=0x0000000002600244
Event: 0.417 Thread 0x00000000021a8000 DEOPT PACKING pc=0x0000000002600244 sp=0x000000000246f230
Event: 0.417 Thread 0x00000000021a8000 DEOPT UNPACKING pc=0x00000000024b582a sp=0x000000000246f1c8 mode 2
Event: 0.440 loading class org/apache/commons/lang3/ArrayUtils
Event: 0.440 loading class org/apache/commons/lang3/ArrayUtils done
Event: 0.442 loading class java/lang/IndexOutOfBoundsException
Event: 0.442 loading class java/lang/IndexOutOfBoundsException done
Event: 0.449 loading class java/lang/UnknownError
Event: 0.449 loading class java/lang/UnknownError done


Dynamic libraries:
0x000000013f300000 - 0x000000013f337000 	C:\Program Files\Java\jdk1.8.0_92\bin\javaw.exe
0x0000000076f70000 - 0x000000007711a000 	C:\Windows\SYSTEM32\ntdll.dll
0x0000000076e50000 - 0x0000000076f6f000 	C:\Windows\system32\kernel32.dll
0x000007fefd010000 - 0x000007fefd07a000 	C:\Windows\system32\KERNELBASE.dll
0x000007feff020000 - 0x000007feff0fb000 	C:\Windows\system32\ADVAPI32.dll
0x000007fefd190000 - 0x000007fefd22f000 	C:\Windows\system32\msvcrt.dll
0x000007feff100000 - 0x000007feff11f000 	C:\Windows\SYSTEM32\sechost.dll
0x000007fefdad0000 - 0x000007fefdbfd000 	C:\Windows\system32\RPCRT4.dll
0x0000000076d50000 - 0x0000000076e4a000 	C:\Windows\system32\USER32.dll
0x000007fefec20000 - 0x000007fefec87000 	C:\Windows\system32\GDI32.dll
0x000007fefeb00000 - 0x000007fefeb0e000 	C:\Windows\system32\LPK.dll
0x000007fefd0c0000 - 0x000007fefd18b000 	C:\Windows\system32\USP10.dll
0x000007fefb6b0000 - 0x000007fefb8a4000 	C:\Windows\WinSxS\amd64_microsoft.windows.common-controls_6595b64144ccf1df_6.0.7601.18837_none_fa3b1e3d17594757\COMCTL32.dll
0x000007fefd4c0000 - 0x000007fefd531000 	C:\Windows\system32\SHLWAPI.dll
0x000007fefdd40000 - 0x000007fefdd6e000 	C:\Windows\system32\IMM32.DLL
0x000007fefeb10000 - 0x000007fefec19000 	C:\Windows\system32\MSCTF.dll
0x000000005bbc0000 - 0x000000005bc92000 	C:\Program Files\Java\jdk1.8.0_92\jre\bin\msvcr100.dll
0x0000000070140000 - 0x00000000709d6000 	C:\Program Files\Java\jdk1.8.0_92\jre\bin\server\jvm.dll
0x000007feee4a0000 - 0x000007feee4a9000 	C:\Windows\system32\WSOCK32.dll
0x000007feff120000 - 0x000007feff16d000 	C:\Windows\system32\WS2_32.dll
0x000007feff190000 - 0x000007feff198000 	C:\Windows\system32\NSI.dll
0x000007fefa980000 - 0x000007fefa9bb000 	C:\Windows\system32\WINMM.dll
0x000007fefbda0000 - 0x000007fefbdac000 	C:\Windows\system32\VERSION.dll
0x0000000077140000 - 0x0000000077147000 	C:\Windows\system32\PSAPI.DLL
0x000000006b1b0000 - 0x000000006b1bf000 	C:\Program Files\Java\jdk1.8.0_92\jre\bin\verify.dll
0x000000006b180000 - 0x000000006b1a9000 	C:\Program Files\Java\jdk1.8.0_92\jre\bin\java.dll
0x0000000070110000 - 0x0000000070126000 	C:\Program Files\Java\jdk1.8.0_92\jre\bin\zip.dll
0x000007fefdd70000 - 0x000007fefeafa000 	C:\Windows\system32\SHELL32.dll
0x000007fefee20000 - 0x000007feff01c000 	C:\Windows\system32\ole32.dll
0x000007fefcd10000 - 0x000007fefcd1f000 	C:\Windows\system32\profapi.dll
0x000007fefc5b0000 - 0x000007fefc5c8000 	C:\Windows\system32\CRYPTSP.dll
0x000007fefc1b0000 - 0x000007fefc1f7000 	C:\Windows\system32\rsaenh.dll
0x000007fefceb0000 - 0x000007fefcece000 	C:\Windows\system32\USERENV.dll
0x000007fefcba0000 - 0x000007fefcbaf000 	C:\Windows\system32\CRYPTBASE.dll
0x00000000509e0000 - 0x00000000509fa000 	C:\Program Files\Java\jdk1.8.0_92\jre\bin\net.dll
0x000007fefc4e0000 - 0x000007fefc535000 	C:\Windows\system32\mswsock.dll
0x000007fefc5f0000 - 0x000007fefc5f7000 	C:\Windows\System32\wship6.dll
0x000007fefa710000 - 0x000007fefa737000 	C:\Windows\system32\IPHLPAPI.DLL
0x000007fefa6e0000 - 0x000007fefa6eb000 	C:\Windows\system32\WINNSI.DLL
0x000007fef9ef0000 - 0x000007fef9f01000 	C:\Windows\system32\dhcpcsvc6.DLL
0x000007fef9f50000 - 0x000007fef9f68000 	C:\Windows\system32\dhcpcsvc.DLL
0x00000000509c0000 - 0x00000000509d1000 	C:\Program Files\Java\jdk1.8.0_92\jre\bin\nio.dll
0x000007fee7a60000 - 0x000007fee7c4b000 	C:\Users\wujunjie\AppData\Local\Temp\xgboost4j2503932840790602216.dll
0x000007feee0d0000 - 0x000007feee0fe000 	C:\Windows\system32\VCOMP140.DLL
0x000007fef8370000 - 0x000007fef8373000 	C:\Windows\system32\api-ms-win-core-synch-l1-2-0.DLL
0x000007fef7530000 - 0x000007fef7655000 	C:\Windows\system32\dbghelp.dll

VM Arguments:
jvm_args: -Dfile.encoding=GBK 
java_command: xgboost.example.XgboostTest
java_class_path (initial): C:\Users\wujunjie\git\AcornyUsage\Acorny\bin;C:\Users\wujunjie\git\AcornyUsage\Acorny\lib\jackson-core-2.7.0.jar;C:\Users\wujunjie\git\AcornyUsage\Acorny\lib\jackson-annotations-2.7.0.jar;C:\Users\wujunjie\git\AcornyUsage\Acorny\lib\ansj_seg-3.7.5.jar;C:\Users\wujunjie\git\AcornyUsage\Acorny\lib\commons-logging.jar;C:\Users\wujunjie\git\AcornyUsage\Acorny\lib\xgboost4j-0.8-SNAPSHOT-jar-with-dependencies.jar;C:\Users\wujunjie\git\AcornyUsage\Acorny\lib\commons-lang3-3.4.jar;C:\Users\wujunjie\git\AcornyUsage\Acorny\lib\jackson-databind-2.7.0.jar;C:\Users\wujunjie\git\AcornyUsage\Acorny\lib\weka.jar
Launcher Type: SUN_STANDARD

Environment Variables:
JAVA_HOME=C:\Program Files\Java\jdk1.8.0_92
CLASSPATH=.;%SCALA_HOME%\bin;%SCALA_HOME%\lib\dt.jar;%SCALA_HOME%\lib\tools.jar;%JAVA_HOME%\lib;%WEKA_HOME%;%WEKA_HOME%\lib;D:\Cmake\bin;
PATH=C:/Program Files/Java/jdk1.8.0_92/bin/../jre/bin/server;C:/Program Files/Java/jdk1.8.0_92/bin/../jre/bin;C:/Program Files/Java/jdk1.8.0_92/bin/../jre/lib/amd64;C:\Python27\;C:\Python27\Scripts;C:\Program Files (x86)\Intel\iCLS Client\;C:\Program Files\Intel\iCLS Client\;C:\Windows\system32;C:\Windows;C:\Windows\System32\Wbem;C:\Windows\System32\WindowsPowerShell\v1.0\;C:\Program Files (x86)\ATI Technologies\ATI.ACE\Core-Static;C:\Program Files\Intel\Intel(R) Management Engine Components\DAL;C:\Program Files\Intel\Intel(R) Management Engine Components\IPT;C:\Program Files (x86)\Intel\Intel(R) Management Engine Components\DAL;C:\Program Files (x86)\Intel\Intel(R) Management Engine Components\IPT;C:\Program Files\Microsoft SQL Server\130\Tools\Binn\;D:\MinGW\bin;C:\Program Files (x86)\scala\bin;%SCALA_HOME%\bin;%SCALA_HOME%\jre\bin;%JAVA_HOME%\bin;%JAVA_HOME%\jre\bin;C:\Program Files\Java\jdk1.8.0_92\bin;C:\Program Files\TortoiseSVN\bin;C:\Users\wujunjie\.dnx\bin;C:\Program Files\Microsoft DNX\Dnvm\;D:\VisualSVN5\bin;C:\Program Files\Microsoft SQL Server\110\Tools\Binn\;D:\Cmake\bin;C:\Program Files\Git\cmd;D:\TDM-GCC\bin;C:\Program Files\Java\jdk1.8.0_92\include;C:\Program Files\Java\jdk1.8.0_92\;D:\BaiduYunDownload\apache-maven-3.3.9\bin;;D:\À—π∑∏ﬂÀŸœ¬‘ÿ\eclipse;
USERNAME=wujunjie
OS=Windows_NT
PROCESSOR_IDENTIFIER=Intel64 Family 6 Model 58 Stepping 9, GenuineIntel



---------------  S Y S T E M  ---------------

OS: Windows 7 , 64 bit Build 7601 (6.1.7601.23915)

CPU:total 4 (4 cores per cpu, 1 threads per core) family 6 model 58 stepping 9, cmov, cx8, fxsr, mmx, sse, sse2, sse3, ssse3, sse4.1, sse4.2, popcnt, avx, aes, clmul, erms, tsc, tscinvbit, tscinv

Memory: 4k page, physical 16705996k(3774848k free), swap 33410132k(16613696k free)

vm_info: Java HotSpot(TM) 64-Bit Server VM (25.92-b14) for windows-amd64 JRE (1.8.0_92-b14), built on Mar 31 2016 21:03:04 by "java_re" with MS VC++ 10.0 (VS2010)

time: Mon Apr 16 14:11:56 2018
elapsed time: 0 seconds (0d 0h 0m 0s)

